<?xml version="1.0" encoding="UTF-8" standalone="no"?>
<!DOCTYPE log SYSTEM "logger.dtd">
<log>
<record>
  <date>2019-09-20T03:15:37</date>
  <millis>1568974537513</millis>
  <sequence>0</sequence>
  <level>START</level>
  <class>com.kms.katalon.core.logging.XmlKeywordLogger</class>
  <method>startSuite</method>
  <thread>1</thread>
  <message>Start Test Suite : Test Suites/CreateEmpParameterized</message>
  <nestedLevel>0</nestedLevel>
  <property name="name">CreateEmpParameterized</property>
  <property name="description"></property>
  <property name="id">Test Suites/CreateEmpParameterized</property>
</record>
<record>
  <date>2019-09-20T03:15:37</date>
  <millis>1568974537531</millis>
  <sequence>1</sequence>
  <level>RUN_DATA</level>
  <class>com.kms.katalon.core.logging.XmlKeywordLogger</class>
  <method>logMessage</method>
  <thread>1</thread>
  <message>hostName = admin - 172.30.9.132</message>
  <nestedLevel>0</nestedLevel>
  <property name="hostName">admin - 172.30.9.132</property>
</record>
<record>
  <date>2019-09-20T03:15:37</date>
  <millis>1568974537532</millis>
  <sequence>2</sequence>
  <level>RUN_DATA</level>
  <class>com.kms.katalon.core.logging.XmlKeywordLogger</class>
  <method>logMessage</method>
  <thread>1</thread>
  <message>os = Windows 10 64bit</message>
  <nestedLevel>0</nestedLevel>
  <property name="os">Windows 10 64bit</property>
</record>
<record>
  <date>2019-09-20T03:15:37</date>
  <millis>1568974537533</millis>
  <sequence>3</sequence>
  <level>RUN_DATA</level>
  <class>com.kms.katalon.core.logging.XmlKeywordLogger</class>
  <method>logMessage</method>
  <thread>1</thread>
  <message>hostAddress = 172.30.9.132</message>
  <nestedLevel>0</nestedLevel>
  <property name="hostAddress">172.30.9.132</property>
</record>
<record>
  <date>2019-09-20T03:15:37</date>
  <millis>1568974537534</millis>
  <sequence>4</sequence>
  <level>RUN_DATA</level>
  <class>com.kms.katalon.core.logging.XmlKeywordLogger</class>
  <method>logMessage</method>
  <thread>1</thread>
  <message>katalonVersion = 6.3.3.11</message>
  <nestedLevel>0</nestedLevel>
  <property name="katalonVersion">6.3.3.11</property>
</record>
<record>
  <date>2019-09-20T03:15:38</date>
  <millis>1568974538002</millis>
  <sequence>5</sequence>
  <level>START</level>
  <class>com.kms.katalon.core.logging.XmlKeywordLogger</class>
  <method>startTest</method>
  <thread>1</thread>
  <message>Start Test Case : Test Cases/DummyEmp/CreateEmpGetEmp - Parameterized</message>
  <nestedLevel>1</nestedLevel>
  <property name="name">Test Cases/DummyEmp/CreateEmpGetEmp - Parameterized</property>
  <property name="description"></property>
  <property name="id">Test Cases/DummyEmp/CreateEmpGetEmp - Parameterized</property>
  <property name="source">C:\\Users\\admin\\Katalon Studio\\APITest\\Test Cases\\DummyEmp\\CreateEmpGetEmp - Parameterized.tc</property>
  <property name="tag"></property>
  <property name="isOptional">false</property>
</record>
<record>
  <date>2019-09-20T03:15:38</date>
  <millis>1568974538041</millis>
  <sequence>7</sequence>
  <level>INFO</level>
  <class>com.kms.katalon.core.logging.XmlKeywordLogger</class>
  <method>logMessage</method>
  <thread>1</thread>
  <message>salary = 10</message>
  <nestedLevel>1</nestedLevel>
</record>
<record>
  <date>2019-09-20T03:15:38</date>
  <millis>1568974538042</millis>
  <sequence>8</sequence>
  <level>INFO</level>
  <class>com.kms.katalon.core.logging.XmlKeywordLogger</class>
  <method>logMessage</method>
  <thread>1</thread>
  <message>age = 7</message>
  <nestedLevel>1</nestedLevel>
</record>
<record>
  <date>2019-09-20T03:15:38</date>
  <millis>1568974538529</millis>
  <sequence>9</sequence>
  <level>START</level>
  <class>com.kms.katalon.core.logging.XmlKeywordLogger</class>
  <method>startKeyword</method>
  <thread>1</thread>
  <message>Start action : date = new java.util.Date()</message>
  <nestedLevel>1</nestedLevel>
  <property name="startLine">17</property>
  <property name="stepIndex">1</property>
</record>
<record>
  <date>2019-09-20T03:15:38</date>
  <millis>1568974538547</millis>
  <sequence>10</sequence>
  <level>END</level>
  <class>com.kms.katalon.core.logging.XmlKeywordLogger</class>
  <method>endKeyword</method>
  <thread>1</thread>
  <message>End action : date = new java.util.Date()</message>
  <nestedLevel>1</nestedLevel>
</record>
<record>
  <date>2019-09-20T03:15:38</date>
  <millis>1568974538547</millis>
  <sequence>11</sequence>
  <level>START</level>
  <class>com.kms.katalon.core.logging.XmlKeywordLogger</class>
  <method>startKeyword</method>
  <thread>1</thread>
  <message>Start action : datevalue = date.toString()</message>
  <nestedLevel>1</nestedLevel>
  <property name="startLine">18</property>
  <property name="stepIndex">2</property>
</record>
<record>
  <date>2019-09-20T03:15:38</date>
  <millis>1568974538555</millis>
  <sequence>12</sequence>
  <level>END</level>
  <class>com.kms.katalon.core.logging.XmlKeywordLogger</class>
  <method>endKeyword</method>
  <thread>1</thread>
  <message>End action : datevalue = date.toString()</message>
  <nestedLevel>1</nestedLevel>
</record>
<record>
  <date>2019-09-20T03:15:38</date>
  <millis>1568974538555</millis>
  <sequence>13</sequence>
  <level>START</level>
  <class>com.kms.katalon.core.logging.XmlKeywordLogger</class>
  <method>startKeyword</method>
  <thread>1</thread>
  <message>Start action : datevalue = datevalue.replace(\&amp;quot; \&amp;quot;, \&amp;quot;\&amp;quot;)</message>
  <nestedLevel>1</nestedLevel>
  <property name="startLine">19</property>
  <property name="stepIndex">3</property>
</record>
<record>
  <date>2019-09-20T03:15:38</date>
  <millis>1568974538555</millis>
  <sequence>14</sequence>
  <level>END</level>
  <class>com.kms.katalon.core.logging.XmlKeywordLogger</class>
  <method>endKeyword</method>
  <thread>1</thread>
  <message>End action : datevalue = datevalue.replace(\&amp;quot; \&amp;quot;, \&amp;quot;\&amp;quot;)</message>
  <nestedLevel>1</nestedLevel>
</record>
<record>
  <date>2019-09-20T03:15:38</date>
  <millis>1568974538555</millis>
  <sequence>15</sequence>
  <level>START</level>
  <class>com.kms.katalon.core.logging.XmlKeywordLogger</class>
  <method>startKeyword</method>
  <thread>1</thread>
  <message>Start action : datevalue = datevalue.replace(\&amp;quot;:\&amp;quot;, \&amp;quot;\&amp;quot;)</message>
  <nestedLevel>1</nestedLevel>
  <property name="startLine">20</property>
  <property name="stepIndex">4</property>
</record>
<record>
  <date>2019-09-20T03:15:38</date>
  <millis>1568974538571</millis>
  <sequence>16</sequence>
  <level>END</level>
  <class>com.kms.katalon.core.logging.XmlKeywordLogger</class>
  <method>endKeyword</method>
  <thread>1</thread>
  <message>End action : datevalue = datevalue.replace(\&amp;quot;:\&amp;quot;, \&amp;quot;\&amp;quot;)</message>
  <nestedLevel>1</nestedLevel>
</record>
<record>
  <date>2019-09-20T03:15:38</date>
  <millis>1568974538573</millis>
  <sequence>17</sequence>
  <level>START</level>
  <class>com.kms.katalon.core.logging.XmlKeywordLogger</class>
  <method>startKeyword</method>
  <thread>1</thread>
  <message>Start action : println(datevalue)</message>
  <nestedLevel>1</nestedLevel>
  <property name="startLine">22</property>
  <property name="stepIndex">5</property>
</record>
<record>
  <date>2019-09-20T03:15:38</date>
  <millis>1568974538573</millis>
  <sequence>18</sequence>
  <level>END</level>
  <class>com.kms.katalon.core.logging.XmlKeywordLogger</class>
  <method>endKeyword</method>
  <thread>1</thread>
  <message>End action : println(datevalue)</message>
  <nestedLevel>1</nestedLevel>
</record>
<record>
  <date>2019-09-20T03:15:38</date>
  <millis>1568974538580</millis>
  <sequence>19</sequence>
  <level>START</level>
  <class>com.kms.katalon.core.logging.XmlKeywordLogger</class>
  <method>startKeyword</method>
  <thread>1</thread>
  <message>Start action : EmpName = datevalue</message>
  <nestedLevel>1</nestedLevel>
  <property name="startLine">24</property>
  <property name="stepIndex">6</property>
</record>
<record>
  <date>2019-09-20T03:15:38</date>
  <millis>1568974538729</millis>
  <sequence>20</sequence>
  <level>END</level>
  <class>com.kms.katalon.core.logging.XmlKeywordLogger</class>
  <method>endKeyword</method>
  <thread>1</thread>
  <message>End action : EmpName = datevalue</message>
  <nestedLevel>1</nestedLevel>
</record>
<record>
  <date>2019-09-20T03:15:38</date>
  <millis>1568974538730</millis>
  <sequence>21</sequence>
  <level>START</level>
  <class>com.kms.katalon.core.logging.XmlKeywordLogger</class>
  <method>startKeyword</method>
  <thread>1</thread>
  <message>Start action : println(EmpName)</message>
  <nestedLevel>1</nestedLevel>
  <property name="startLine">25</property>
  <property name="stepIndex">7</property>
</record>
<record>
  <date>2019-09-20T03:15:38</date>
  <millis>1568974538731</millis>
  <sequence>22</sequence>
  <level>END</level>
  <class>com.kms.katalon.core.logging.XmlKeywordLogger</class>
  <method>endKeyword</method>
  <thread>1</thread>
  <message>End action : println(EmpName)</message>
  <nestedLevel>1</nestedLevel>
</record>
<record>
  <date>2019-09-20T03:15:38</date>
  <millis>1568974538731</millis>
  <sequence>23</sequence>
  <level>START</level>
  <class>com.kms.katalon.core.logging.XmlKeywordLogger</class>
  <method>startKeyword</method>
  <thread>1</thread>
  <message>Start action : response = sendRequestAndVerify(findTestObject(\&amp;quot;DummyEmployee/Obj_CreateEmpGetEmp - Paremeterized\&amp;quot;, [\&amp;quot;EmpName\&amp;quot;:datevalue, \&amp;quot;salary\&amp;quot;:salary, \&amp;quot;age\&amp;quot;:age]))</message>
  <nestedLevel>1</nestedLevel>
  <property name="startLine">29</property>
  <property name="stepIndex">8</property>
</record>
<record>
  <date>2019-09-20T03:15:40</date>
  <millis>1568974540702</millis>
  <sequence>26</sequence>
  <level>INFO</level>
  <class>com.kms.katalon.core.logging.XmlKeywordLogger</class>
  <method>logMessage</method>
  <thread>1</thread>
  <message>HAR: C:\\Users\\admin\\Katalon Studio\\APITest\\Reports\\20190920_031534\\CreateEmpParameterized\\20190920_031534\\requests\\main\\0.har</message>
  <nestedLevel>1</nestedLevel>
  <property name="harId">bcb9065a-e3cf-42c7-9673-e8f474a5bebf</property>
</record>
<record>
  <date>2019-09-20T03:15:40</date>
  <millis>1568974540878</millis>
  <sequence>28</sequence>
  <level>START</level>
  <class>com.kms.katalon.core.logging.XmlKeywordLogger</class>
  <method>startTest</method>
  <thread>1</thread>
  <message>Start Test Case : Verification</message>
  <nestedLevel>2</nestedLevel>
</record>
<record>
  <date>2019-09-20T03:15:41</date>
  <millis>1568974541109</millis>
  <sequence>29</sequence>
  <level>START</level>
  <class>com.kms.katalon.core.logging.XmlKeywordLogger</class>
  <method>startKeyword</method>
  <thread>1</thread>
  <message>Start action : request = getInstance().getCurrentRequest()</message>
  <nestedLevel>1</nestedLevel>
  <property name="startLine">11</property>
  <property name="stepIndex">1</property>
</record>
<record>
  <date>2019-09-20T03:15:41</date>
  <millis>1568974541320</millis>
  <sequence>30</sequence>
  <level>END</level>
  <class>com.kms.katalon.core.logging.XmlKeywordLogger</class>
  <method>endKeyword</method>
  <thread>1</thread>
  <message>End action : request = getInstance().getCurrentRequest()</message>
  <nestedLevel>1</nestedLevel>
</record>
<record>
  <date>2019-09-20T03:15:41</date>
  <millis>1568974541320</millis>
  <sequence>31</sequence>
  <level>START</level>
  <class>com.kms.katalon.core.logging.XmlKeywordLogger</class>
  <method>startKeyword</method>
  <thread>1</thread>
  <message>Start action : response = getInstance().getCurrentResponse()</message>
  <nestedLevel>1</nestedLevel>
  <property name="startLine">13</property>
  <property name="stepIndex">2</property>
</record>
<record>
  <date>2019-09-20T03:15:41</date>
  <millis>1568974541321</millis>
  <sequence>32</sequence>
  <level>END</level>
  <class>com.kms.katalon.core.logging.XmlKeywordLogger</class>
  <method>endKeyword</method>
  <thread>1</thread>
  <message>End action : response = getInstance().getCurrentResponse()</message>
  <nestedLevel>1</nestedLevel>
</record>
<record>
  <date>2019-09-20T03:15:41</date>
  <millis>1568974541321</millis>
  <sequence>33</sequence>
  <level>START</level>
  <class>com.kms.katalon.core.logging.XmlKeywordLogger</class>
  <method>startKeyword</method>
  <thread>1</thread>
  <message>Start action : Assertions.assertThat(responseBodyContent.contains(EmpName))</message>
  <nestedLevel>1</nestedLevel>
  <property name="startLine">17</property>
  <property name="stepIndex">3</property>
</record>
<record>
  <date>2019-09-20T03:15:41</date>
  <millis>1568974541410</millis>
  <sequence>34</sequence>
  <level>END</level>
  <class>com.kms.katalon.core.logging.XmlKeywordLogger</class>
  <method>endKeyword</method>
  <thread>1</thread>
  <message>End action : Assertions.assertThat(responseBodyContent.contains(EmpName))</message>
  <nestedLevel>1</nestedLevel>
</record>
<record>
  <date>2019-09-20T03:15:41</date>
  <millis>1568974541410</millis>
  <sequence>35</sequence>
  <level>PASSED</level>
  <class>com.kms.katalon.core.logging.XmlKeywordLogger</class>
  <method>logMessage</method>
  <thread>1</thread>
  <message>Verification accomplished successfully</message>
  <nestedLevel>2</nestedLevel>
</record>
<record>
  <date>2019-09-20T03:15:41</date>
  <millis>1568974541411</millis>
  <sequence>36</sequence>
  <level>END</level>
  <class>com.kms.katalon.core.logging.XmlKeywordLogger</class>
  <method>endTest</method>
  <thread>1</thread>
  <message>End Test Case : Verification</message>
  <nestedLevel>1</nestedLevel>
</record>
<record>
  <date>2019-09-20T03:15:41</date>
  <millis>1568974541418</millis>
  <sequence>37</sequence>
  <level>PASSED</level>
  <class>com.kms.katalon.core.logging.XmlKeywordLogger</class>
  <method>logMessage</method>
  <thread>1</thread>
  <message>Verify response successfully</message>
  <nestedLevel>1</nestedLevel>
</record>
<record>
  <date>2019-09-20T03:15:41</date>
  <millis>1568974541418</millis>
  <sequence>38</sequence>
  <level>PASSED</level>
  <class>com.kms.katalon.core.logging.XmlKeywordLogger</class>
  <method>logMessage</method>
  <thread>1</thread>
  <message>Send request and verify the response successfully</message>
  <nestedLevel>1</nestedLevel>
</record>
<record>
  <date>2019-09-20T03:15:41</date>
  <millis>1568974541422</millis>
  <sequence>39</sequence>
  <level>END</level>
  <class>com.kms.katalon.core.logging.XmlKeywordLogger</class>
  <method>endKeyword</method>
  <thread>1</thread>
  <message>End action : response = sendRequestAndVerify(findTestObject(\&amp;quot;DummyEmployee/Obj_CreateEmpGetEmp - Paremeterized\&amp;quot;, [\&amp;quot;EmpName\&amp;quot;:datevalue, \&amp;quot;salary\&amp;quot;:salary, \&amp;quot;age\&amp;quot;:age]))</message>
  <nestedLevel>1</nestedLevel>
</record>
<record>
  <date>2019-09-20T03:15:41</date>
  <millis>1568974541423</millis>
  <sequence>40</sequence>
  <level>START</level>
  <class>com.kms.katalon.core.logging.XmlKeywordLogger</class>
  <method>startKeyword</method>
  <thread>1</thread>
  <message>Start action : println(response.getResponseBodyContent())</message>
  <nestedLevel>1</nestedLevel>
  <property name="startLine">30</property>
  <property name="stepIndex">9</property>
</record>
<record>
  <date>2019-09-20T03:15:41</date>
  <millis>1568974541424</millis>
  <sequence>41</sequence>
  <level>END</level>
  <class>com.kms.katalon.core.logging.XmlKeywordLogger</class>
  <method>endKeyword</method>
  <thread>1</thread>
  <message>End action : println(response.getResponseBodyContent())</message>
  <nestedLevel>1</nestedLevel>
</record>
<record>
  <date>2019-09-20T03:15:41</date>
  <millis>1568974541424</millis>
  <sequence>42</sequence>
  <level>START</level>
  <class>com.kms.katalon.core.logging.XmlKeywordLogger</class>
  <method>startKeyword</method>
  <thread>1</thread>
  <message>Start action : responseText = response.getResponseBodyContent()</message>
  <nestedLevel>1</nestedLevel>
  <property name="startLine">32</property>
  <property name="stepIndex">10</property>
</record>
<record>
  <date>2019-09-20T03:15:41</date>
  <millis>1568974541424</millis>
  <sequence>43</sequence>
  <level>END</level>
  <class>com.kms.katalon.core.logging.XmlKeywordLogger</class>
  <method>endKeyword</method>
  <thread>1</thread>
  <message>End action : responseText = response.getResponseBodyContent()</message>
  <nestedLevel>1</nestedLevel>
</record>
<record>
  <date>2019-09-20T03:15:41</date>
  <millis>1568974541427</millis>
  <sequence>44</sequence>
  <level>START</level>
  <class>com.kms.katalon.core.logging.XmlKeywordLogger</class>
  <method>startKeyword</method>
  <thread>1</thread>
  <message>Start action : verifyElementPropertyValue(response, \&amp;quot;name\&amp;quot;, EmpName)</message>
  <nestedLevel>1</nestedLevel>
  <property name="startLine">37</property>
  <property name="stepIndex">11</property>
</record>
<record>
  <date>2019-09-20T03:15:41</date>
  <millis>1568974541539</millis>
  <sequence>46</sequence>
  <level>PASSED</level>
  <class>com.kms.katalon.core.logging.XmlKeywordLogger</class>
  <method>logMessage</method>
  <thread>1</thread>
  <message>Verify element property value successfully</message>
  <nestedLevel>1</nestedLevel>
</record>
<record>
  <date>2019-09-20T03:15:41</date>
  <millis>1568974541539</millis>
  <sequence>47</sequence>
  <level>END</level>
  <class>com.kms.katalon.core.logging.XmlKeywordLogger</class>
  <method>endKeyword</method>
  <thread>1</thread>
  <message>End action : verifyElementPropertyValue(response, \&amp;quot;name\&amp;quot;, EmpName)</message>
  <nestedLevel>1</nestedLevel>
</record>
<record>
  <date>2019-09-20T03:15:41</date>
  <millis>1568974541547</millis>
  <sequence>48</sequence>
  <level>START</level>
  <class>com.kms.katalon.core.logging.XmlKeywordLogger</class>
  <method>startKeyword</method>
  <thread>1</thread>
  <message>Start action : verifyResponseStatusCode(response, 200)</message>
  <nestedLevel>1</nestedLevel>
  <property name="startLine">39</property>
  <property name="stepIndex">12</property>
</record>
<record>
  <date>2019-09-20T03:15:41</date>
  <millis>1568974541570</millis>
  <sequence>50</sequence>
  <level>PASSED</level>
  <class>com.kms.katalon.core.logging.XmlKeywordLogger</class>
  <method>logMessage</method>
  <thread>1</thread>
  <message>Verify response status code successfully</message>
  <nestedLevel>1</nestedLevel>
</record>
<record>
  <date>2019-09-20T03:15:41</date>
  <millis>1568974541570</millis>
  <sequence>51</sequence>
  <level>END</level>
  <class>com.kms.katalon.core.logging.XmlKeywordLogger</class>
  <method>endKeyword</method>
  <thread>1</thread>
  <message>End action : verifyResponseStatusCode(response, 200)</message>
  <nestedLevel>1</nestedLevel>
</record>
<record>
  <date>2019-09-20T03:15:41</date>
  <millis>1568974541574</millis>
  <sequence>52</sequence>
  <level>START</level>
  <class>com.kms.katalon.core.logging.XmlKeywordLogger</class>
  <method>startKeyword</method>
  <thread>1</thread>
  <message>Start action : println(response.getResponseBodyContent())</message>
  <nestedLevel>1</nestedLevel>
  <property name="startLine">41</property>
  <property name="stepIndex">13</property>
</record>
<record>
  <date>2019-09-20T03:15:41</date>
  <millis>1568974541574</millis>
  <sequence>53</sequence>
  <level>END</level>
  <class>com.kms.katalon.core.logging.XmlKeywordLogger</class>
  <method>endKeyword</method>
  <thread>1</thread>
  <message>End action : println(response.getResponseBodyContent())</message>
  <nestedLevel>1</nestedLevel>
</record>
<record>
  <date>2019-09-20T03:15:41</date>
  <millis>1568974541578</millis>
  <sequence>54</sequence>
  <level>START</level>
  <class>com.kms.katalon.core.logging.XmlKeywordLogger</class>
  <method>startKeyword</method>
  <thread>1</thread>
  <message>Start action : slurper = new groovy.json.JsonSlurper()</message>
  <nestedLevel>1</nestedLevel>
  <property name="startLine">43</property>
  <property name="stepIndex">14</property>
</record>
<record>
  <date>2019-09-20T03:15:41</date>
  <millis>1568974541580</millis>
  <sequence>55</sequence>
  <level>END</level>
  <class>com.kms.katalon.core.logging.XmlKeywordLogger</class>
  <method>endKeyword</method>
  <thread>1</thread>
  <message>End action : slurper = new groovy.json.JsonSlurper()</message>
  <nestedLevel>1</nestedLevel>
</record>
<record>
  <date>2019-09-20T03:15:41</date>
  <millis>1568974541580</millis>
  <sequence>56</sequence>
  <level>START</level>
  <class>com.kms.katalon.core.logging.XmlKeywordLogger</class>
  <method>startKeyword</method>
  <thread>1</thread>
  <message>Start action : parsedJson = slurper.parseText(responseText)</message>
  <nestedLevel>1</nestedLevel>
  <property name="startLine">44</property>
  <property name="stepIndex">15</property>
</record>
<record>
  <date>2019-09-20T03:15:41</date>
  <millis>1568974541584</millis>
  <sequence>57</sequence>
  <level>END</level>
  <class>com.kms.katalon.core.logging.XmlKeywordLogger</class>
  <method>endKeyword</method>
  <thread>1</thread>
  <message>End action : parsedJson = slurper.parseText(responseText)</message>
  <nestedLevel>1</nestedLevel>
</record>
<record>
  <date>2019-09-20T03:15:41</date>
  <millis>1568974541584</millis>
  <sequence>58</sequence>
  <level>START</level>
  <class>com.kms.katalon.core.logging.XmlKeywordLogger</class>
  <method>startKeyword</method>
  <thread>1</thread>
  <message>Start action : idValue = id</message>
  <nestedLevel>1</nestedLevel>
  <property name="startLine">46</property>
  <property name="stepIndex">16</property>
</record>
<record>
  <date>2019-09-20T03:15:41</date>
  <millis>1568974541588</millis>
  <sequence>59</sequence>
  <level>END</level>
  <class>com.kms.katalon.core.logging.XmlKeywordLogger</class>
  <method>endKeyword</method>
  <thread>1</thread>
  <message>End action : idValue = id</message>
  <nestedLevel>1</nestedLevel>
</record>
<record>
  <date>2019-09-20T03:15:41</date>
  <millis>1568974541588</millis>
  <sequence>60</sequence>
  <level>START</level>
  <class>com.kms.katalon.core.logging.XmlKeywordLogger</class>
  <method>startKeyword</method>
  <thread>1</thread>
  <message>Start action : id = parsedJson.get(\&amp;quot;id\&amp;quot;)</message>
  <nestedLevel>1</nestedLevel>
  <property name="startLine">47</property>
  <property name="stepIndex">17</property>
</record>
<record>
  <date>2019-09-20T03:15:41</date>
  <millis>1568974541592</millis>
  <sequence>61</sequence>
  <level>END</level>
  <class>com.kms.katalon.core.logging.XmlKeywordLogger</class>
  <method>endKeyword</method>
  <thread>1</thread>
  <message>End action : id = parsedJson.get(\&amp;quot;id\&amp;quot;)</message>
  <nestedLevel>1</nestedLevel>
</record>
<record>
  <date>2019-09-20T03:15:41</date>
  <millis>1568974541596</millis>
  <sequence>62</sequence>
  <level>START</level>
  <class>com.kms.katalon.core.logging.XmlKeywordLogger</class>
  <method>startKeyword</method>
  <thread>1</thread>
  <message>Start action : println(id)</message>
  <nestedLevel>1</nestedLevel>
  <property name="startLine">49</property>
  <property name="stepIndex">18</property>
</record>
<record>
  <date>2019-09-20T03:15:41</date>
  <millis>1568974541600</millis>
  <sequence>63</sequence>
  <level>END</level>
  <class>com.kms.katalon.core.logging.XmlKeywordLogger</class>
  <method>endKeyword</method>
  <thread>1</thread>
  <message>End action : println(id)</message>
  <nestedLevel>1</nestedLevel>
</record>
<record>
  <date>2019-09-20T03:15:41</date>
  <millis>1568974541600</millis>
  <sequence>64</sequence>
  <level>START</level>
  <class>com.kms.katalon.core.logging.XmlKeywordLogger</class>
  <method>startKeyword</method>
  <thread>1</thread>
  <message>Start action : EmpId = id</message>
  <nestedLevel>1</nestedLevel>
  <property name="startLine">50</property>
  <property name="stepIndex">19</property>
</record>
<record>
  <date>2019-09-20T03:15:41</date>
  <millis>1568974541604</millis>
  <sequence>65</sequence>
  <level>END</level>
  <class>com.kms.katalon.core.logging.XmlKeywordLogger</class>
  <method>endKeyword</method>
  <thread>1</thread>
  <message>End action : EmpId = id</message>
  <nestedLevel>1</nestedLevel>
</record>
<record>
  <date>2019-09-20T03:15:41</date>
  <millis>1568974541604</millis>
  <sequence>66</sequence>
  <level>START</level>
  <class>com.kms.katalon.core.logging.XmlKeywordLogger</class>
  <method>startKeyword</method>
  <thread>1</thread>
  <message>Start action : println(EmpId)</message>
  <nestedLevel>1</nestedLevel>
  <property name="startLine">52</property>
  <property name="stepIndex">20</property>
</record>
<record>
  <date>2019-09-20T03:15:41</date>
  <millis>1568974541608</millis>
  <sequence>67</sequence>
  <level>END</level>
  <class>com.kms.katalon.core.logging.XmlKeywordLogger</class>
  <method>endKeyword</method>
  <thread>1</thread>
  <message>End action : println(EmpId)</message>
  <nestedLevel>1</nestedLevel>
</record>
<record>
  <date>2019-09-20T03:15:41</date>
  <millis>1568974541608</millis>
  <sequence>68</sequence>
  <level>START</level>
  <class>com.kms.katalon.core.logging.XmlKeywordLogger</class>
  <method>startKeyword</method>
  <thread>1</thread>
  <message>Start action : response = sendRequest(findTestObject(\&amp;quot;DummyEmployee/Obj_GetEmp\&amp;quot;))</message>
  <nestedLevel>1</nestedLevel>
  <property name="startLine">54</property>
  <property name="stepIndex">21</property>
</record>
<record>
  <date>2019-09-20T03:15:42</date>
  <millis>1568974542597</millis>
  <sequence>71</sequence>
  <level>INFO</level>
  <class>com.kms.katalon.core.logging.XmlKeywordLogger</class>
  <method>logMessage</method>
  <thread>1</thread>
  <message>HAR: C:\\Users\\admin\\Katalon Studio\\APITest\\Reports\\20190920_031534\\CreateEmpParameterized\\20190920_031534\\requests\\main\\1.har</message>
  <nestedLevel>1</nestedLevel>
  <property name="harId">bb01d2c2-67bc-472e-b34c-9394ecfdedc4</property>
</record>
<record>
  <date>2019-09-20T03:15:42</date>
  <millis>1568974542604</millis>
  <sequence>72</sequence>
  <level>PASSED</level>
  <class>com.kms.katalon.core.logging.XmlKeywordLogger</class>
  <method>logMessage</method>
  <thread>1</thread>
  <message>Send request successfully</message>
  <nestedLevel>1</nestedLevel>
</record>
<record>
  <date>2019-09-20T03:15:42</date>
  <millis>1568974542609</millis>
  <sequence>73</sequence>
  <level>END</level>
  <class>com.kms.katalon.core.logging.XmlKeywordLogger</class>
  <method>endKeyword</method>
  <thread>1</thread>
  <message>End action : response = sendRequest(findTestObject(\&amp;quot;DummyEmployee/Obj_GetEmp\&amp;quot;))</message>
  <nestedLevel>1</nestedLevel>
</record>
<record>
  <date>2019-09-20T03:15:42</date>
  <millis>1568974542609</millis>
  <sequence>74</sequence>
  <level>START</level>
  <class>com.kms.katalon.core.logging.XmlKeywordLogger</class>
  <method>startKeyword</method>
  <thread>1</thread>
  <message>Start action : println(response.getResponseBodyContent())</message>
  <nestedLevel>1</nestedLevel>
  <property name="startLine">56</property>
  <property name="stepIndex">22</property>
</record>
<record>
  <date>2019-09-20T03:15:42</date>
  <millis>1568974542613</millis>
  <sequence>75</sequence>
  <level>END</level>
  <class>com.kms.katalon.core.logging.XmlKeywordLogger</class>
  <method>endKeyword</method>
  <thread>1</thread>
  <message>End action : println(response.getResponseBodyContent())</message>
  <nestedLevel>1</nestedLevel>
</record>
<record>
  <date>2019-09-20T03:15:42</date>
  <millis>1568974542615</millis>
  <sequence>76</sequence>
  <level>START</level>
  <class>com.kms.katalon.core.logging.XmlKeywordLogger</class>
  <method>startKeyword</method>
  <thread>1</thread>
  <message>Start action : verifyResponseStatusCode(response, 200)</message>
  <nestedLevel>1</nestedLevel>
  <property name="startLine">58</property>
  <property name="stepIndex">23</property>
</record>
<record>
  <date>2019-09-20T03:15:42</date>
  <millis>1568974542631</millis>
  <sequence>78</sequence>
  <level>PASSED</level>
  <class>com.kms.katalon.core.logging.XmlKeywordLogger</class>
  <method>logMessage</method>
  <thread>1</thread>
  <message>Verify response status code successfully</message>
  <nestedLevel>1</nestedLevel>
</record>
<record>
  <date>2019-09-20T03:15:42</date>
  <millis>1568974542635</millis>
  <sequence>79</sequence>
  <level>END</level>
  <class>com.kms.katalon.core.logging.XmlKeywordLogger</class>
  <method>endKeyword</method>
  <thread>1</thread>
  <message>End action : verifyResponseStatusCode(response, 200)</message>
  <nestedLevel>1</nestedLevel>
</record>
<record>
  <date>2019-09-20T03:15:42</date>
  <millis>1568974542639</millis>
  <sequence>80</sequence>
  <level>PASSED</level>
  <class>com.kms.katalon.core.logging.XmlKeywordLogger</class>
  <method>logMessage</method>
  <thread>1</thread>
  <message>Test Cases/DummyEmp/CreateEmpGetEmp - Parameterized</message>
  <nestedLevel>1</nestedLevel>
</record>
<record>
  <date>2019-09-20T03:15:42</date>
  <millis>1568974542647</millis>
  <sequence>81</sequence>
  <level>END</level>
  <class>com.kms.katalon.core.logging.XmlKeywordLogger</class>
  <method>endTest</method>
  <thread>1</thread>
  <message>End Test Case : Test Cases/DummyEmp/CreateEmpGetEmp - Parameterized</message>
  <nestedLevel>0</nestedLevel>
</record>
<record>
  <date>2019-09-20T03:15:42</date>
  <millis>1568974542708</millis>
  <sequence>82</sequence>
  <level>START</level>
  <class>com.kms.katalon.core.logging.XmlKeywordLogger</class>
  <method>startTest</method>
  <thread>1</thread>
  <message>Start Test Case : Test Cases/DummyEmp/CreateEmpGetEmp - Parameterized</message>
  <nestedLevel>1</nestedLevel>
  <property name="name">Test Cases/DummyEmp/CreateEmpGetEmp - Parameterized</property>
  <property name="description"></property>
  <property name="id">Test Cases/DummyEmp/CreateEmpGetEmp - Parameterized</property>
  <property name="source">C:\\Users\\admin\\Katalon Studio\\APITest\\Test Cases\\DummyEmp\\CreateEmpGetEmp - Parameterized.tc</property>
  <property name="tag"></property>
  <property name="isOptional">false</property>
</record>
<record>
  <date>2019-09-20T03:15:42</date>
  <millis>1568974542718</millis>
  <sequence>84</sequence>
  <level>INFO</level>
  <class>com.kms.katalon.core.logging.XmlKeywordLogger</class>
  <method>logMessage</method>
  <thread>1</thread>
  <message>salary = 16</message>
  <nestedLevel>1</nestedLevel>
</record>
<record>
  <date>2019-09-20T03:15:42</date>
  <millis>1568974542718</millis>
  <sequence>85</sequence>
  <level>INFO</level>
  <class>com.kms.katalon.core.logging.XmlKeywordLogger</class>
  <method>logMessage</method>
  <thread>1</thread>
  <message>age = 6</message>
  <nestedLevel>1</nestedLevel>
</record>
<record>
  <date>2019-09-20T03:15:42</date>
  <millis>1568974542718</millis>
  <sequence>86</sequence>
  <level>START</level>
  <class>com.kms.katalon.core.logging.XmlKeywordLogger</class>
  <method>startKeyword</method>
  <thread>1</thread>
  <message>Start action : date = new java.util.Date()</message>
  <nestedLevel>1</nestedLevel>
  <property name="startLine">17</property>
  <property name="stepIndex">1</property>
</record>
<record>
  <date>2019-09-20T03:15:42</date>
  <millis>1568974542722</millis>
  <sequence>87</sequence>
  <level>END</level>
  <class>com.kms.katalon.core.logging.XmlKeywordLogger</class>
  <method>endKeyword</method>
  <thread>1</thread>
  <message>End action : date = new java.util.Date()</message>
  <nestedLevel>1</nestedLevel>
</record>
<record>
  <date>2019-09-20T03:15:42</date>
  <millis>1568974542722</millis>
  <sequence>88</sequence>
  <level>START</level>
  <class>com.kms.katalon.core.logging.XmlKeywordLogger</class>
  <method>startKeyword</method>
  <thread>1</thread>
  <message>Start action : datevalue = date.toString()</message>
  <nestedLevel>1</nestedLevel>
  <property name="startLine">18</property>
  <property name="stepIndex">2</property>
</record>
<record>
  <date>2019-09-20T03:15:42</date>
  <millis>1568974542723</millis>
  <sequence>89</sequence>
  <level>END</level>
  <class>com.kms.katalon.core.logging.XmlKeywordLogger</class>
  <method>endKeyword</method>
  <thread>1</thread>
  <message>End action : datevalue = date.toString()</message>
  <nestedLevel>1</nestedLevel>
</record>
<record>
  <date>2019-09-20T03:15:42</date>
  <millis>1568974542723</millis>
  <sequence>90</sequence>
  <level>START</level>
  <class>com.kms.katalon.core.logging.XmlKeywordLogger</class>
  <method>startKeyword</method>
  <thread>1</thread>
  <message>Start action : datevalue = datevalue.replace(\&amp;quot; \&amp;quot;, \&amp;quot;\&amp;quot;)</message>
  <nestedLevel>1</nestedLevel>
  <property name="startLine">19</property>
  <property name="stepIndex">3</property>
</record>
<record>
  <date>2019-09-20T03:15:42</date>
  <millis>1568974542724</millis>
  <sequence>91</sequence>
  <level>END</level>
  <class>com.kms.katalon.core.logging.XmlKeywordLogger</class>
  <method>endKeyword</method>
  <thread>1</thread>
  <message>End action : datevalue = datevalue.replace(\&amp;quot; \&amp;quot;, \&amp;quot;\&amp;quot;)</message>
  <nestedLevel>1</nestedLevel>
</record>
<record>
  <date>2019-09-20T03:15:42</date>
  <millis>1568974542724</millis>
  <sequence>92</sequence>
  <level>START</level>
  <class>com.kms.katalon.core.logging.XmlKeywordLogger</class>
  <method>startKeyword</method>
  <thread>1</thread>
  <message>Start action : datevalue = datevalue.replace(\&amp;quot;:\&amp;quot;, \&amp;quot;\&amp;quot;)</message>
  <nestedLevel>1</nestedLevel>
  <property name="startLine">20</property>
  <property name="stepIndex">4</property>
</record>
<record>
  <date>2019-09-20T03:15:42</date>
  <millis>1568974542725</millis>
  <sequence>93</sequence>
  <level>END</level>
  <class>com.kms.katalon.core.logging.XmlKeywordLogger</class>
  <method>endKeyword</method>
  <thread>1</thread>
  <message>End action : datevalue = datevalue.replace(\&amp;quot;:\&amp;quot;, \&amp;quot;\&amp;quot;)</message>
  <nestedLevel>1</nestedLevel>
</record>
<record>
  <date>2019-09-20T03:15:42</date>
  <millis>1568974542726</millis>
  <sequence>94</sequence>
  <level>START</level>
  <class>com.kms.katalon.core.logging.XmlKeywordLogger</class>
  <method>startKeyword</method>
  <thread>1</thread>
  <message>Start action : println(datevalue)</message>
  <nestedLevel>1</nestedLevel>
  <property name="startLine">22</property>
  <property name="stepIndex">5</property>
</record>
<record>
  <date>2019-09-20T03:15:42</date>
  <millis>1568974542727</millis>
  <sequence>95</sequence>
  <level>END</level>
  <class>com.kms.katalon.core.logging.XmlKeywordLogger</class>
  <method>endKeyword</method>
  <thread>1</thread>
  <message>End action : println(datevalue)</message>
  <nestedLevel>1</nestedLevel>
</record>
<record>
  <date>2019-09-20T03:15:42</date>
  <millis>1568974542727</millis>
  <sequence>96</sequence>
  <level>START</level>
  <class>com.kms.katalon.core.logging.XmlKeywordLogger</class>
  <method>startKeyword</method>
  <thread>1</thread>
  <message>Start action : EmpName = datevalue</message>
  <nestedLevel>1</nestedLevel>
  <property name="startLine">24</property>
  <property name="stepIndex">6</property>
</record>
<record>
  <date>2019-09-20T03:15:42</date>
  <millis>1568974542727</millis>
  <sequence>97</sequence>
  <level>END</level>
  <class>com.kms.katalon.core.logging.XmlKeywordLogger</class>
  <method>endKeyword</method>
  <thread>1</thread>
  <message>End action : EmpName = datevalue</message>
  <nestedLevel>1</nestedLevel>
</record>
<record>
  <date>2019-09-20T03:15:42</date>
  <millis>1568974542728</millis>
  <sequence>98</sequence>
  <level>START</level>
  <class>com.kms.katalon.core.logging.XmlKeywordLogger</class>
  <method>startKeyword</method>
  <thread>1</thread>
  <message>Start action : println(EmpName)</message>
  <nestedLevel>1</nestedLevel>
  <property name="startLine">25</property>
  <property name="stepIndex">7</property>
</record>
<record>
  <date>2019-09-20T03:15:42</date>
  <millis>1568974542728</millis>
  <sequence>99</sequence>
  <level>END</level>
  <class>com.kms.katalon.core.logging.XmlKeywordLogger</class>
  <method>endKeyword</method>
  <thread>1</thread>
  <message>End action : println(EmpName)</message>
  <nestedLevel>1</nestedLevel>
</record>
<record>
  <date>2019-09-20T03:15:42</date>
  <millis>1568974542729</millis>
  <sequence>100</sequence>
  <level>START</level>
  <class>com.kms.katalon.core.logging.XmlKeywordLogger</class>
  <method>startKeyword</method>
  <thread>1</thread>
  <message>Start action : response = sendRequestAndVerify(findTestObject(\&amp;quot;DummyEmployee/Obj_CreateEmpGetEmp - Paremeterized\&amp;quot;, [\&amp;quot;EmpName\&amp;quot;:datevalue, \&amp;quot;salary\&amp;quot;:salary, \&amp;quot;age\&amp;quot;:age]))</message>
  <nestedLevel>1</nestedLevel>
  <property name="startLine">29</property>
  <property name="stepIndex">8</property>
</record>
<record>
  <date>2019-09-20T03:15:43</date>
  <millis>1568974543567</millis>
  <sequence>103</sequence>
  <level>INFO</level>
  <class>com.kms.katalon.core.logging.XmlKeywordLogger</class>
  <method>logMessage</method>
  <thread>1</thread>
  <message>HAR: C:\\Users\\admin\\Katalon Studio\\APITest\\Reports\\20190920_031534\\CreateEmpParameterized\\20190920_031534\\requests\\main\\2.har</message>
  <nestedLevel>1</nestedLevel>
  <property name="harId">9c4c9582-3ffc-4ce1-937b-e8ce283c73be</property>
</record>
<record>
  <date>2019-09-20T03:15:43</date>
  <millis>1568974543627</millis>
  <sequence>105</sequence>
  <level>START</level>
  <class>com.kms.katalon.core.logging.XmlKeywordLogger</class>
  <method>startTest</method>
  <thread>1</thread>
  <message>Start Test Case : Verification</message>
  <nestedLevel>2</nestedLevel>
</record>
<record>
  <date>2019-09-20T03:15:43</date>
  <millis>1568974543739</millis>
  <sequence>106</sequence>
  <level>START</level>
  <class>com.kms.katalon.core.logging.XmlKeywordLogger</class>
  <method>startKeyword</method>
  <thread>1</thread>
  <message>Start action : request = getInstance().getCurrentRequest()</message>
  <nestedLevel>1</nestedLevel>
  <property name="startLine">11</property>
  <property name="stepIndex">1</property>
</record>
<record>
  <date>2019-09-20T03:15:43</date>
  <millis>1568974543908</millis>
  <sequence>107</sequence>
  <level>END</level>
  <class>com.kms.katalon.core.logging.XmlKeywordLogger</class>
  <method>endKeyword</method>
  <thread>1</thread>
  <message>End action : request = getInstance().getCurrentRequest()</message>
  <nestedLevel>1</nestedLevel>
</record>
<record>
  <date>2019-09-20T03:15:43</date>
  <millis>1568974543909</millis>
  <sequence>108</sequence>
  <level>START</level>
  <class>com.kms.katalon.core.logging.XmlKeywordLogger</class>
  <method>startKeyword</method>
  <thread>1</thread>
  <message>Start action : response = getInstance().getCurrentResponse()</message>
  <nestedLevel>1</nestedLevel>
  <property name="startLine">13</property>
  <property name="stepIndex">2</property>
</record>
<record>
  <date>2019-09-20T03:15:43</date>
  <millis>1568974543920</millis>
  <sequence>109</sequence>
  <level>END</level>
  <class>com.kms.katalon.core.logging.XmlKeywordLogger</class>
  <method>endKeyword</method>
  <thread>1</thread>
  <message>End action : response = getInstance().getCurrentResponse()</message>
  <nestedLevel>1</nestedLevel>
</record>
<record>
  <date>2019-09-20T03:15:43</date>
  <millis>1568974543920</millis>
  <sequence>110</sequence>
  <level>START</level>
  <class>com.kms.katalon.core.logging.XmlKeywordLogger</class>
  <method>startKeyword</method>
  <thread>1</thread>
  <message>Start action : Assertions.assertThat(responseBodyContent.contains(EmpName))</message>
  <nestedLevel>1</nestedLevel>
  <property name="startLine">17</property>
  <property name="stepIndex">3</property>
</record>
<record>
  <date>2019-09-20T03:15:43</date>
  <millis>1568974543924</millis>
  <sequence>111</sequence>
  <level>END</level>
  <class>com.kms.katalon.core.logging.XmlKeywordLogger</class>
  <method>endKeyword</method>
  <thread>1</thread>
  <message>End action : Assertions.assertThat(responseBodyContent.contains(EmpName))</message>
  <nestedLevel>1</nestedLevel>
</record>
<record>
  <date>2019-09-20T03:15:43</date>
  <millis>1568974543925</millis>
  <sequence>112</sequence>
  <level>PASSED</level>
  <class>com.kms.katalon.core.logging.XmlKeywordLogger</class>
  <method>logMessage</method>
  <thread>1</thread>
  <message>Verification accomplished successfully</message>
  <nestedLevel>2</nestedLevel>
</record>
<record>
  <date>2019-09-20T03:15:43</date>
  <millis>1568974543926</millis>
  <sequence>113</sequence>
  <level>END</level>
  <class>com.kms.katalon.core.logging.XmlKeywordLogger</class>
  <method>endTest</method>
  <thread>1</thread>
  <message>End Test Case : Verification</message>
  <nestedLevel>1</nestedLevel>
</record>
<record>
  <date>2019-09-20T03:15:43</date>
  <millis>1568974543926</millis>
  <sequence>114</sequence>
  <level>PASSED</level>
  <class>com.kms.katalon.core.logging.XmlKeywordLogger</class>
  <method>logMessage</method>
  <thread>1</thread>
  <message>Verify response successfully</message>
  <nestedLevel>1</nestedLevel>
</record>
<record>
  <date>2019-09-20T03:15:43</date>
  <millis>1568974543926</millis>
  <sequence>115</sequence>
  <level>PASSED</level>
  <class>com.kms.katalon.core.logging.XmlKeywordLogger</class>
  <method>logMessage</method>
  <thread>1</thread>
  <message>Send request and verify the response successfully</message>
  <nestedLevel>1</nestedLevel>
</record>
<record>
  <date>2019-09-20T03:15:43</date>
  <millis>1568974543927</millis>
  <sequence>116</sequence>
  <level>END</level>
  <class>com.kms.katalon.core.logging.XmlKeywordLogger</class>
  <method>endKeyword</method>
  <thread>1</thread>
  <message>End action : response = sendRequestAndVerify(findTestObject(\&amp;quot;DummyEmployee/Obj_CreateEmpGetEmp - Paremeterized\&amp;quot;, [\&amp;quot;EmpName\&amp;quot;:datevalue, \&amp;quot;salary\&amp;quot;:salary, \&amp;quot;age\&amp;quot;:age]))</message>
  <nestedLevel>1</nestedLevel>
</record>
<record>
  <date>2019-09-20T03:15:43</date>
  <millis>1568974543927</millis>
  <sequence>117</sequence>
  <level>START</level>
  <class>com.kms.katalon.core.logging.XmlKeywordLogger</class>
  <method>startKeyword</method>
  <thread>1</thread>
  <message>Start action : println(response.getResponseBodyContent())</message>
  <nestedLevel>1</nestedLevel>
  <property name="startLine">30</property>
  <property name="stepIndex">9</property>
</record>
<record>
  <date>2019-09-20T03:15:43</date>
  <millis>1568974543928</millis>
  <sequence>118</sequence>
  <level>END</level>
  <class>com.kms.katalon.core.logging.XmlKeywordLogger</class>
  <method>endKeyword</method>
  <thread>1</thread>
  <message>End action : println(response.getResponseBodyContent())</message>
  <nestedLevel>1</nestedLevel>
</record>
<record>
  <date>2019-09-20T03:15:43</date>
  <millis>1568974543932</millis>
  <sequence>119</sequence>
  <level>START</level>
  <class>com.kms.katalon.core.logging.XmlKeywordLogger</class>
  <method>startKeyword</method>
  <thread>1</thread>
  <message>Start action : responseText = response.getResponseBodyContent()</message>
  <nestedLevel>1</nestedLevel>
  <property name="startLine">32</property>
  <property name="stepIndex">10</property>
</record>
<record>
  <date>2019-09-20T03:15:43</date>
  <millis>1568974543936</millis>
  <sequence>120</sequence>
  <level>END</level>
  <class>com.kms.katalon.core.logging.XmlKeywordLogger</class>
  <method>endKeyword</method>
  <thread>1</thread>
  <message>End action : responseText = response.getResponseBodyContent()</message>
  <nestedLevel>1</nestedLevel>
</record>
<record>
  <date>2019-09-20T03:15:43</date>
  <millis>1568974543936</millis>
  <sequence>121</sequence>
  <level>START</level>
  <class>com.kms.katalon.core.logging.XmlKeywordLogger</class>
  <method>startKeyword</method>
  <thread>1</thread>
  <message>Start action : verifyElementPropertyValue(response, \&amp;quot;name\&amp;quot;, EmpName)</message>
  <nestedLevel>1</nestedLevel>
  <property name="startLine">37</property>
  <property name="stepIndex">11</property>
</record>
<record>
  <date>2019-09-20T03:15:43</date>
  <millis>1568974543965</millis>
  <sequence>123</sequence>
  <level>PASSED</level>
  <class>com.kms.katalon.core.logging.XmlKeywordLogger</class>
  <method>logMessage</method>
  <thread>1</thread>
  <message>Verify element property value successfully</message>
  <nestedLevel>1</nestedLevel>
</record>
<record>
  <date>2019-09-20T03:15:43</date>
  <millis>1568974543966</millis>
  <sequence>124</sequence>
  <level>END</level>
  <class>com.kms.katalon.core.logging.XmlKeywordLogger</class>
  <method>endKeyword</method>
  <thread>1</thread>
  <message>End action : verifyElementPropertyValue(response, \&amp;quot;name\&amp;quot;, EmpName)</message>
  <nestedLevel>1</nestedLevel>
</record>
<record>
  <date>2019-09-20T03:15:43</date>
  <millis>1568974543966</millis>
  <sequence>125</sequence>
  <level>START</level>
  <class>com.kms.katalon.core.logging.XmlKeywordLogger</class>
  <method>startKeyword</method>
  <thread>1</thread>
  <message>Start action : verifyResponseStatusCode(response, 200)</message>
  <nestedLevel>1</nestedLevel>
  <property name="startLine">39</property>
  <property name="stepIndex">12</property>
</record>
<record>
  <date>2019-09-20T03:15:43</date>
  <millis>1568974543970</millis>
  <sequence>127</sequence>
  <level>PASSED</level>
  <class>com.kms.katalon.core.logging.XmlKeywordLogger</class>
  <method>logMessage</method>
  <thread>1</thread>
  <message>Verify response status code successfully</message>
  <nestedLevel>1</nestedLevel>
</record>
<record>
  <date>2019-09-20T03:15:43</date>
  <millis>1568974543970</millis>
  <sequence>128</sequence>
  <level>END</level>
  <class>com.kms.katalon.core.logging.XmlKeywordLogger</class>
  <method>endKeyword</method>
  <thread>1</thread>
  <message>End action : verifyResponseStatusCode(response, 200)</message>
  <nestedLevel>1</nestedLevel>
</record>
<record>
  <date>2019-09-20T03:15:43</date>
  <millis>1568974543970</millis>
  <sequence>129</sequence>
  <level>START</level>
  <class>com.kms.katalon.core.logging.XmlKeywordLogger</class>
  <method>startKeyword</method>
  <thread>1</thread>
  <message>Start action : println(response.getResponseBodyContent())</message>
  <nestedLevel>1</nestedLevel>
  <property name="startLine">41</property>
  <property name="stepIndex">13</property>
</record>
<record>
  <date>2019-09-20T03:15:43</date>
  <millis>1568974543972</millis>
  <sequence>130</sequence>
  <level>END</level>
  <class>com.kms.katalon.core.logging.XmlKeywordLogger</class>
  <method>endKeyword</method>
  <thread>1</thread>
  <message>End action : println(response.getResponseBodyContent())</message>
  <nestedLevel>1</nestedLevel>
</record>
<record>
  <date>2019-09-20T03:15:43</date>
  <millis>1568974543972</millis>
  <sequence>131</sequence>
  <level>START</level>
  <class>com.kms.katalon.core.logging.XmlKeywordLogger</class>
  <method>startKeyword</method>
  <thread>1</thread>
  <message>Start action : slurper = new groovy.json.JsonSlurper()</message>
  <nestedLevel>1</nestedLevel>
  <property name="startLine">43</property>
  <property name="stepIndex">14</property>
</record>
<record>
  <date>2019-09-20T03:15:43</date>
  <millis>1568974543973</millis>
  <sequence>132</sequence>
  <level>END</level>
  <class>com.kms.katalon.core.logging.XmlKeywordLogger</class>
  <method>endKeyword</method>
  <thread>1</thread>
  <message>End action : slurper = new groovy.json.JsonSlurper()</message>
  <nestedLevel>1</nestedLevel>
</record>
<record>
  <date>2019-09-20T03:15:43</date>
  <millis>1568974543973</millis>
  <sequence>133</sequence>
  <level>START</level>
  <class>com.kms.katalon.core.logging.XmlKeywordLogger</class>
  <method>startKeyword</method>
  <thread>1</thread>
  <message>Start action : parsedJson = slurper.parseText(responseText)</message>
  <nestedLevel>1</nestedLevel>
  <property name="startLine">44</property>
  <property name="stepIndex">15</property>
</record>
<record>
  <date>2019-09-20T03:15:43</date>
  <millis>1568974543974</millis>
  <sequence>134</sequence>
  <level>END</level>
  <class>com.kms.katalon.core.logging.XmlKeywordLogger</class>
  <method>endKeyword</method>
  <thread>1</thread>
  <message>End action : parsedJson = slurper.parseText(responseText)</message>
  <nestedLevel>1</nestedLevel>
</record>
<record>
  <date>2019-09-20T03:15:43</date>
  <millis>1568974543975</millis>
  <sequence>135</sequence>
  <level>START</level>
  <class>com.kms.katalon.core.logging.XmlKeywordLogger</class>
  <method>startKeyword</method>
  <thread>1</thread>
  <message>Start action : idValue = id</message>
  <nestedLevel>1</nestedLevel>
  <property name="startLine">46</property>
  <property name="stepIndex">16</property>
</record>
<record>
  <date>2019-09-20T03:15:43</date>
  <millis>1568974543975</millis>
  <sequence>136</sequence>
  <level>END</level>
  <class>com.kms.katalon.core.logging.XmlKeywordLogger</class>
  <method>endKeyword</method>
  <thread>1</thread>
  <message>End action : idValue = id</message>
  <nestedLevel>1</nestedLevel>
</record>
<record>
  <date>2019-09-20T03:15:43</date>
  <millis>1568974543975</millis>
  <sequence>137</sequence>
  <level>START</level>
  <class>com.kms.katalon.core.logging.XmlKeywordLogger</class>
  <method>startKeyword</method>
  <thread>1</thread>
  <message>Start action : id = parsedJson.get(\&amp;quot;id\&amp;quot;)</message>
  <nestedLevel>1</nestedLevel>
  <property name="startLine">47</property>
  <property name="stepIndex">17</property>
</record>
<record>
  <date>2019-09-20T03:15:43</date>
  <millis>1568974543980</millis>
  <sequence>138</sequence>
  <level>END</level>
  <class>com.kms.katalon.core.logging.XmlKeywordLogger</class>
  <method>endKeyword</method>
  <thread>1</thread>
  <message>End action : id = parsedJson.get(\&amp;quot;id\&amp;quot;)</message>
  <nestedLevel>1</nestedLevel>
</record>
<record>
  <date>2019-09-20T03:15:43</date>
  <millis>1568974543980</millis>
  <sequence>139</sequence>
  <level>START</level>
  <class>com.kms.katalon.core.logging.XmlKeywordLogger</class>
  <method>startKeyword</method>
  <thread>1</thread>
  <message>Start action : println(id)</message>
  <nestedLevel>1</nestedLevel>
  <property name="startLine">49</property>
  <property name="stepIndex">18</property>
</record>
<record>
  <date>2019-09-20T03:15:43</date>
  <millis>1568974543980</millis>
  <sequence>140</sequence>
  <level>END</level>
  <class>com.kms.katalon.core.logging.XmlKeywordLogger</class>
  <method>endKeyword</method>
  <thread>1</thread>
  <message>End action : println(id)</message>
  <nestedLevel>1</nestedLevel>
</record>
<record>
  <date>2019-09-20T03:15:43</date>
  <millis>1568974543980</millis>
  <sequence>141</sequence>
  <level>START</level>
  <class>com.kms.katalon.core.logging.XmlKeywordLogger</class>
  <method>startKeyword</method>
  <thread>1</thread>
  <message>Start action : EmpId = id</message>
  <nestedLevel>1</nestedLevel>
  <property name="startLine">50</property>
  <property name="stepIndex">19</property>
</record>
<record>
  <date>2019-09-20T03:15:43</date>
  <millis>1568974543984</millis>
  <sequence>142</sequence>
  <level>END</level>
  <class>com.kms.katalon.core.logging.XmlKeywordLogger</class>
  <method>endKeyword</method>
  <thread>1</thread>
  <message>End action : EmpId = id</message>
  <nestedLevel>1</nestedLevel>
</record>
<record>
  <date>2019-09-20T03:15:43</date>
  <millis>1568974543984</millis>
  <sequence>143</sequence>
  <level>START</level>
  <class>com.kms.katalon.core.logging.XmlKeywordLogger</class>
  <method>startKeyword</method>
  <thread>1</thread>
  <message>Start action : println(EmpId)</message>
  <nestedLevel>1</nestedLevel>
  <property name="startLine">52</property>
  <property name="stepIndex">20</property>
</record>
<record>
  <date>2019-09-20T03:15:43</date>
  <millis>1568974543985</millis>
  <sequence>144</sequence>
  <level>END</level>
  <class>com.kms.katalon.core.logging.XmlKeywordLogger</class>
  <method>endKeyword</method>
  <thread>1</thread>
  <message>End action : println(EmpId)</message>
  <nestedLevel>1</nestedLevel>
</record>
<record>
  <date>2019-09-20T03:15:43</date>
  <millis>1568974543985</millis>
  <sequence>145</sequence>
  <level>START</level>
  <class>com.kms.katalon.core.logging.XmlKeywordLogger</class>
  <method>startKeyword</method>
  <thread>1</thread>
  <message>Start action : response = sendRequest(findTestObject(\&amp;quot;DummyEmployee/Obj_GetEmp\&amp;quot;))</message>
  <nestedLevel>1</nestedLevel>
  <property name="startLine">54</property>
  <property name="stepIndex">21</property>
</record>
<record>
  <date>2019-09-20T03:15:44</date>
  <millis>1568974544850</millis>
  <sequence>148</sequence>
  <level>INFO</level>
  <class>com.kms.katalon.core.logging.XmlKeywordLogger</class>
  <method>logMessage</method>
  <thread>1</thread>
  <message>HAR: C:\\Users\\admin\\Katalon Studio\\APITest\\Reports\\20190920_031534\\CreateEmpParameterized\\20190920_031534\\requests\\main\\3.har</message>
  <nestedLevel>1</nestedLevel>
  <property name="harId">ded70d52-4e8c-484e-8dc6-c9d14db32189</property>
</record>
<record>
  <date>2019-09-20T03:15:44</date>
  <millis>1568974544863</millis>
  <sequence>149</sequence>
  <level>PASSED</level>
  <class>com.kms.katalon.core.logging.XmlKeywordLogger</class>
  <method>logMessage</method>
  <thread>1</thread>
  <message>Send request successfully</message>
  <nestedLevel>1</nestedLevel>
</record>
<record>
  <date>2019-09-20T03:15:44</date>
  <millis>1568974544863</millis>
  <sequence>150</sequence>
  <level>END</level>
  <class>com.kms.katalon.core.logging.XmlKeywordLogger</class>
  <method>endKeyword</method>
  <thread>1</thread>
  <message>End action : response = sendRequest(findTestObject(\&amp;quot;DummyEmployee/Obj_GetEmp\&amp;quot;))</message>
  <nestedLevel>1</nestedLevel>
</record>
<record>
  <date>2019-09-20T03:15:44</date>
  <millis>1568974544867</millis>
  <sequence>151</sequence>
  <level>START</level>
  <class>com.kms.katalon.core.logging.XmlKeywordLogger</class>
  <method>startKeyword</method>
  <thread>1</thread>
  <message>Start action : println(response.getResponseBodyContent())</message>
  <nestedLevel>1</nestedLevel>
  <property name="startLine">56</property>
  <property name="stepIndex">22</property>
</record>
<record>
  <date>2019-09-20T03:15:44</date>
  <millis>1568974544869</millis>
  <sequence>152</sequence>
  <level>END</level>
  <class>com.kms.katalon.core.logging.XmlKeywordLogger</class>
  <method>endKeyword</method>
  <thread>1</thread>
  <message>End action : println(response.getResponseBodyContent())</message>
  <nestedLevel>1</nestedLevel>
</record>
<record>
  <date>2019-09-20T03:15:44</date>
  <millis>1568974544870</millis>
  <sequence>153</sequence>
  <level>START</level>
  <class>com.kms.katalon.core.logging.XmlKeywordLogger</class>
  <method>startKeyword</method>
  <thread>1</thread>
  <message>Start action : verifyResponseStatusCode(response, 200)</message>
  <nestedLevel>1</nestedLevel>
  <property name="startLine">58</property>
  <property name="stepIndex">23</property>
</record>
<record>
  <date>2019-09-20T03:15:44</date>
  <millis>1568974544875</millis>
  <sequence>155</sequence>
  <level>PASSED</level>
  <class>com.kms.katalon.core.logging.XmlKeywordLogger</class>
  <method>logMessage</method>
  <thread>1</thread>
  <message>Verify response status code successfully</message>
  <nestedLevel>1</nestedLevel>
</record>
<record>
  <date>2019-09-20T03:15:44</date>
  <millis>1568974544876</millis>
  <sequence>156</sequence>
  <level>END</level>
  <class>com.kms.katalon.core.logging.XmlKeywordLogger</class>
  <method>endKeyword</method>
  <thread>1</thread>
  <message>End action : verifyResponseStatusCode(response, 200)</message>
  <nestedLevel>1</nestedLevel>
</record>
<record>
  <date>2019-09-20T03:15:44</date>
  <millis>1568974544876</millis>
  <sequence>157</sequence>
  <level>PASSED</level>
  <class>com.kms.katalon.core.logging.XmlKeywordLogger</class>
  <method>logMessage</method>
  <thread>1</thread>
  <message>Test Cases/DummyEmp/CreateEmpGetEmp - Parameterized</message>
  <nestedLevel>1</nestedLevel>
</record>
<record>
  <date>2019-09-20T03:15:44</date>
  <millis>1568974544876</millis>
  <sequence>158</sequence>
  <level>END</level>
  <class>com.kms.katalon.core.logging.XmlKeywordLogger</class>
  <method>endTest</method>
  <thread>1</thread>
  <message>End Test Case : Test Cases/DummyEmp/CreateEmpGetEmp - Parameterized</message>
  <nestedLevel>0</nestedLevel>
</record>
<record>
  <date>2019-09-20T03:15:44</date>
  <millis>1568974544913</millis>
  <sequence>159</sequence>
  <level>START</level>
  <class>com.kms.katalon.core.logging.XmlKeywordLogger</class>
  <method>startTest</method>
  <thread>1</thread>
  <message>Start Test Case : Test Cases/DummyEmp/CreateEmpGetEmp - Parameterized</message>
  <nestedLevel>1</nestedLevel>
  <property name="name">Test Cases/DummyEmp/CreateEmpGetEmp - Parameterized</property>
  <property name="description"></property>
  <property name="id">Test Cases/DummyEmp/CreateEmpGetEmp - Parameterized</property>
  <property name="source">C:\\Users\\admin\\Katalon Studio\\APITest\\Test Cases\\DummyEmp\\CreateEmpGetEmp - Parameterized.tc</property>
  <property name="tag"></property>
  <property name="isOptional">false</property>
</record>
<record>
  <date>2019-09-20T03:15:44</date>
  <millis>1568974544937</millis>
  <sequence>161</sequence>
  <level>INFO</level>
  <class>com.kms.katalon.core.logging.XmlKeywordLogger</class>
  <method>logMessage</method>
  <thread>1</thread>
  <message>salary = 15</message>
  <nestedLevel>1</nestedLevel>
</record>
<record>
  <date>2019-09-20T03:15:44</date>
  <millis>1568974544937</millis>
  <sequence>162</sequence>
  <level>INFO</level>
  <class>com.kms.katalon.core.logging.XmlKeywordLogger</class>
  <method>logMessage</method>
  <thread>1</thread>
  <message>age = 4</message>
  <nestedLevel>1</nestedLevel>
</record>
<record>
  <date>2019-09-20T03:15:44</date>
  <millis>1568974544941</millis>
  <sequence>163</sequence>
  <level>START</level>
  <class>com.kms.katalon.core.logging.XmlKeywordLogger</class>
  <method>startKeyword</method>
  <thread>1</thread>
  <message>Start action : date = new java.util.Date()</message>
  <nestedLevel>1</nestedLevel>
  <property name="startLine">17</property>
  <property name="stepIndex">1</property>
</record>
<record>
  <date>2019-09-20T03:15:44</date>
  <millis>1568974544941</millis>
  <sequence>164</sequence>
  <level>END</level>
  <class>com.kms.katalon.core.logging.XmlKeywordLogger</class>
  <method>endKeyword</method>
  <thread>1</thread>
  <message>End action : date = new java.util.Date()</message>
  <nestedLevel>1</nestedLevel>
</record>
<record>
  <date>2019-09-20T03:15:44</date>
  <millis>1568974544941</millis>
  <sequence>165</sequence>
  <level>START</level>
  <class>com.kms.katalon.core.logging.XmlKeywordLogger</class>
  <method>startKeyword</method>
  <thread>1</thread>
  <message>Start action : datevalue = date.toString()</message>
  <nestedLevel>1</nestedLevel>
  <property name="startLine">18</property>
  <property name="stepIndex">2</property>
</record>
<record>
  <date>2019-09-20T03:15:44</date>
  <millis>1568974544941</millis>
  <sequence>166</sequence>
  <level>END</level>
  <class>com.kms.katalon.core.logging.XmlKeywordLogger</class>
  <method>endKeyword</method>
  <thread>1</thread>
  <message>End action : datevalue = date.toString()</message>
  <nestedLevel>1</nestedLevel>
</record>
<record>
  <date>2019-09-20T03:15:44</date>
  <millis>1568974544941</millis>
  <sequence>167</sequence>
  <level>START</level>
  <class>com.kms.katalon.core.logging.XmlKeywordLogger</class>
  <method>startKeyword</method>
  <thread>1</thread>
  <message>Start action : datevalue = datevalue.replace(\&amp;quot; \&amp;quot;, \&amp;quot;\&amp;quot;)</message>
  <nestedLevel>1</nestedLevel>
  <property name="startLine">19</property>
  <property name="stepIndex">3</property>
</record>
<record>
  <date>2019-09-20T03:15:44</date>
  <millis>1568974544945</millis>
  <sequence>168</sequence>
  <level>END</level>
  <class>com.kms.katalon.core.logging.XmlKeywordLogger</class>
  <method>endKeyword</method>
  <thread>1</thread>
  <message>End action : datevalue = datevalue.replace(\&amp;quot; \&amp;quot;, \&amp;quot;\&amp;quot;)</message>
  <nestedLevel>1</nestedLevel>
</record>
<record>
  <date>2019-09-20T03:15:44</date>
  <millis>1568974544945</millis>
  <sequence>169</sequence>
  <level>START</level>
  <class>com.kms.katalon.core.logging.XmlKeywordLogger</class>
  <method>startKeyword</method>
  <thread>1</thread>
  <message>Start action : datevalue = datevalue.replace(\&amp;quot;:\&amp;quot;, \&amp;quot;\&amp;quot;)</message>
  <nestedLevel>1</nestedLevel>
  <property name="startLine">20</property>
  <property name="stepIndex">4</property>
</record>
<record>
  <date>2019-09-20T03:15:44</date>
  <millis>1568974544945</millis>
  <sequence>170</sequence>
  <level>END</level>
  <class>com.kms.katalon.core.logging.XmlKeywordLogger</class>
  <method>endKeyword</method>
  <thread>1</thread>
  <message>End action : datevalue = datevalue.replace(\&amp;quot;:\&amp;quot;, \&amp;quot;\&amp;quot;)</message>
  <nestedLevel>1</nestedLevel>
</record>
<record>
  <date>2019-09-20T03:15:44</date>
  <millis>1568974544945</millis>
  <sequence>171</sequence>
  <level>START</level>
  <class>com.kms.katalon.core.logging.XmlKeywordLogger</class>
  <method>startKeyword</method>
  <thread>1</thread>
  <message>Start action : println(datevalue)</message>
  <nestedLevel>1</nestedLevel>
  <property name="startLine">22</property>
  <property name="stepIndex">5</property>
</record>
<record>
  <date>2019-09-20T03:15:44</date>
  <millis>1568974544949</millis>
  <sequence>172</sequence>
  <level>END</level>
  <class>com.kms.katalon.core.logging.XmlKeywordLogger</class>
  <method>endKeyword</method>
  <thread>1</thread>
  <message>End action : println(datevalue)</message>
  <nestedLevel>1</nestedLevel>
</record>
<record>
  <date>2019-09-20T03:15:44</date>
  <millis>1568974544949</millis>
  <sequence>173</sequence>
  <level>START</level>
  <class>com.kms.katalon.core.logging.XmlKeywordLogger</class>
  <method>startKeyword</method>
  <thread>1</thread>
  <message>Start action : EmpName = datevalue</message>
  <nestedLevel>1</nestedLevel>
  <property name="startLine">24</property>
  <property name="stepIndex">6</property>
</record>
<record>
  <date>2019-09-20T03:15:44</date>
  <millis>1568974544949</millis>
  <sequence>174</sequence>
  <level>END</level>
  <class>com.kms.katalon.core.logging.XmlKeywordLogger</class>
  <method>endKeyword</method>
  <thread>1</thread>
  <message>End action : EmpName = datevalue</message>
  <nestedLevel>1</nestedLevel>
</record>
<record>
  <date>2019-09-20T03:15:44</date>
  <millis>1568974544949</millis>
  <sequence>175</sequence>
  <level>START</level>
  <class>com.kms.katalon.core.logging.XmlKeywordLogger</class>
  <method>startKeyword</method>
  <thread>1</thread>
  <message>Start action : println(EmpName)</message>
  <nestedLevel>1</nestedLevel>
  <property name="startLine">25</property>
  <property name="stepIndex">7</property>
</record>
<record>
  <date>2019-09-20T03:15:44</date>
  <millis>1568974544949</millis>
  <sequence>176</sequence>
  <level>END</level>
  <class>com.kms.katalon.core.logging.XmlKeywordLogger</class>
  <method>endKeyword</method>
  <thread>1</thread>
  <message>End action : println(EmpName)</message>
  <nestedLevel>1</nestedLevel>
</record>
<record>
  <date>2019-09-20T03:15:44</date>
  <millis>1568974544949</millis>
  <sequence>177</sequence>
  <level>START</level>
  <class>com.kms.katalon.core.logging.XmlKeywordLogger</class>
  <method>startKeyword</method>
  <thread>1</thread>
  <message>Start action : response = sendRequestAndVerify(findTestObject(\&amp;quot;DummyEmployee/Obj_CreateEmpGetEmp - Paremeterized\&amp;quot;, [\&amp;quot;EmpName\&amp;quot;:datevalue, \&amp;quot;salary\&amp;quot;:salary, \&amp;quot;age\&amp;quot;:age]))</message>
  <nestedLevel>1</nestedLevel>
  <property name="startLine">29</property>
  <property name="stepIndex">8</property>
</record>
<record>
  <date>2019-09-20T03:15:45</date>
  <millis>1568974545880</millis>
  <sequence>180</sequence>
  <level>INFO</level>
  <class>com.kms.katalon.core.logging.XmlKeywordLogger</class>
  <method>logMessage</method>
  <thread>1</thread>
  <message>HAR: C:\\Users\\admin\\Katalon Studio\\APITest\\Reports\\20190920_031534\\CreateEmpParameterized\\20190920_031534\\requests\\main\\4.har</message>
  <nestedLevel>1</nestedLevel>
  <property name="harId">ab35993d-388e-4edb-92dc-c132ed91f29a</property>
</record>
<record>
  <date>2019-09-20T03:15:45</date>
  <millis>1568974545942</millis>
  <sequence>182</sequence>
  <level>START</level>
  <class>com.kms.katalon.core.logging.XmlKeywordLogger</class>
  <method>startTest</method>
  <thread>1</thread>
  <message>Start Test Case : Verification</message>
  <nestedLevel>2</nestedLevel>
</record>
<record>
  <date>2019-09-20T03:15:46</date>
  <millis>1568974546067</millis>
  <sequence>183</sequence>
  <level>START</level>
  <class>com.kms.katalon.core.logging.XmlKeywordLogger</class>
  <method>startKeyword</method>
  <thread>1</thread>
  <message>Start action : request = getInstance().getCurrentRequest()</message>
  <nestedLevel>1</nestedLevel>
  <property name="startLine">11</property>
  <property name="stepIndex">1</property>
</record>
<record>
  <date>2019-09-20T03:15:46</date>
  <millis>1568974546217</millis>
  <sequence>184</sequence>
  <level>END</level>
  <class>com.kms.katalon.core.logging.XmlKeywordLogger</class>
  <method>endKeyword</method>
  <thread>1</thread>
  <message>End action : request = getInstance().getCurrentRequest()</message>
  <nestedLevel>1</nestedLevel>
</record>
<record>
  <date>2019-09-20T03:15:46</date>
  <millis>1568974546217</millis>
  <sequence>185</sequence>
  <level>START</level>
  <class>com.kms.katalon.core.logging.XmlKeywordLogger</class>
  <method>startKeyword</method>
  <thread>1</thread>
  <message>Start action : response = getInstance().getCurrentResponse()</message>
  <nestedLevel>1</nestedLevel>
  <property name="startLine">13</property>
  <property name="stepIndex">2</property>
</record>
<record>
  <date>2019-09-20T03:15:46</date>
  <millis>1568974546219</millis>
  <sequence>186</sequence>
  <level>END</level>
  <class>com.kms.katalon.core.logging.XmlKeywordLogger</class>
  <method>endKeyword</method>
  <thread>1</thread>
  <message>End action : response = getInstance().getCurrentResponse()</message>
  <nestedLevel>1</nestedLevel>
</record>
<record>
  <date>2019-09-20T03:15:46</date>
  <millis>1568974546219</millis>
  <sequence>187</sequence>
  <level>START</level>
  <class>com.kms.katalon.core.logging.XmlKeywordLogger</class>
  <method>startKeyword</method>
  <thread>1</thread>
  <message>Start action : Assertions.assertThat(responseBodyContent.contains(EmpName))</message>
  <nestedLevel>1</nestedLevel>
  <property name="startLine">17</property>
  <property name="stepIndex">3</property>
</record>
<record>
  <date>2019-09-20T03:15:46</date>
  <millis>1568974546219</millis>
  <sequence>188</sequence>
  <level>END</level>
  <class>com.kms.katalon.core.logging.XmlKeywordLogger</class>
  <method>endKeyword</method>
  <thread>1</thread>
  <message>End action : Assertions.assertThat(responseBodyContent.contains(EmpName))</message>
  <nestedLevel>1</nestedLevel>
</record>
<record>
  <date>2019-09-20T03:15:46</date>
  <millis>1568974546220</millis>
  <sequence>189</sequence>
  <level>PASSED</level>
  <class>com.kms.katalon.core.logging.XmlKeywordLogger</class>
  <method>logMessage</method>
  <thread>1</thread>
  <message>Verification accomplished successfully</message>
  <nestedLevel>2</nestedLevel>
</record>
<record>
  <date>2019-09-20T03:15:46</date>
  <millis>1568974546220</millis>
  <sequence>190</sequence>
  <level>END</level>
  <class>com.kms.katalon.core.logging.XmlKeywordLogger</class>
  <method>endTest</method>
  <thread>1</thread>
  <message>End Test Case : Verification</message>
  <nestedLevel>1</nestedLevel>
</record>
<record>
  <date>2019-09-20T03:15:46</date>
  <millis>1568974546221</millis>
  <sequence>191</sequence>
  <level>PASSED</level>
  <class>com.kms.katalon.core.logging.XmlKeywordLogger</class>
  <method>logMessage</method>
  <thread>1</thread>
  <message>Verify response successfully</message>
  <nestedLevel>1</nestedLevel>
</record>
<record>
  <date>2019-09-20T03:15:46</date>
  <millis>1568974546221</millis>
  <sequence>192</sequence>
  <level>PASSED</level>
  <class>com.kms.katalon.core.logging.XmlKeywordLogger</class>
  <method>logMessage</method>
  <thread>1</thread>
  <message>Send request and verify the response successfully</message>
  <nestedLevel>1</nestedLevel>
</record>
<record>
  <date>2019-09-20T03:15:46</date>
  <millis>1568974546221</millis>
  <sequence>193</sequence>
  <level>END</level>
  <class>com.kms.katalon.core.logging.XmlKeywordLogger</class>
  <method>endKeyword</method>
  <thread>1</thread>
  <message>End action : response = sendRequestAndVerify(findTestObject(\&amp;quot;DummyEmployee/Obj_CreateEmpGetEmp - Paremeterized\&amp;quot;, [\&amp;quot;EmpName\&amp;quot;:datevalue, \&amp;quot;salary\&amp;quot;:salary, \&amp;quot;age\&amp;quot;:age]))</message>
  <nestedLevel>1</nestedLevel>
</record>
<record>
  <date>2019-09-20T03:15:46</date>
  <millis>1568974546221</millis>
  <sequence>194</sequence>
  <level>START</level>
  <class>com.kms.katalon.core.logging.XmlKeywordLogger</class>
  <method>startKeyword</method>
  <thread>1</thread>
  <message>Start action : println(response.getResponseBodyContent())</message>
  <nestedLevel>1</nestedLevel>
  <property name="startLine">30</property>
  <property name="stepIndex">9</property>
</record>
<record>
  <date>2019-09-20T03:15:46</date>
  <millis>1568974546222</millis>
  <sequence>195</sequence>
  <level>END</level>
  <class>com.kms.katalon.core.logging.XmlKeywordLogger</class>
  <method>endKeyword</method>
  <thread>1</thread>
  <message>End action : println(response.getResponseBodyContent())</message>
  <nestedLevel>1</nestedLevel>
</record>
<record>
  <date>2019-09-20T03:15:46</date>
  <millis>1568974546222</millis>
  <sequence>196</sequence>
  <level>START</level>
  <class>com.kms.katalon.core.logging.XmlKeywordLogger</class>
  <method>startKeyword</method>
  <thread>1</thread>
  <message>Start action : responseText = response.getResponseBodyContent()</message>
  <nestedLevel>1</nestedLevel>
  <property name="startLine">32</property>
  <property name="stepIndex">10</property>
</record>
<record>
  <date>2019-09-20T03:15:46</date>
  <millis>1568974546222</millis>
  <sequence>197</sequence>
  <level>END</level>
  <class>com.kms.katalon.core.logging.XmlKeywordLogger</class>
  <method>endKeyword</method>
  <thread>1</thread>
  <message>End action : responseText = response.getResponseBodyContent()</message>
  <nestedLevel>1</nestedLevel>
</record>
<record>
  <date>2019-09-20T03:15:46</date>
  <millis>1568974546223</millis>
  <sequence>198</sequence>
  <level>START</level>
  <class>com.kms.katalon.core.logging.XmlKeywordLogger</class>
  <method>startKeyword</method>
  <thread>1</thread>
  <message>Start action : verifyElementPropertyValue(response, \&amp;quot;name\&amp;quot;, EmpName)</message>
  <nestedLevel>1</nestedLevel>
  <property name="startLine">37</property>
  <property name="stepIndex">11</property>
</record>
<record>
  <date>2019-09-20T03:15:46</date>
  <millis>1568974546241</millis>
  <sequence>200</sequence>
  <level>PASSED</level>
  <class>com.kms.katalon.core.logging.XmlKeywordLogger</class>
  <method>logMessage</method>
  <thread>1</thread>
  <message>Verify element property value successfully</message>
  <nestedLevel>1</nestedLevel>
</record>
<record>
  <date>2019-09-20T03:15:46</date>
  <millis>1568974546242</millis>
  <sequence>201</sequence>
  <level>END</level>
  <class>com.kms.katalon.core.logging.XmlKeywordLogger</class>
  <method>endKeyword</method>
  <thread>1</thread>
  <message>End action : verifyElementPropertyValue(response, \&amp;quot;name\&amp;quot;, EmpName)</message>
  <nestedLevel>1</nestedLevel>
</record>
<record>
  <date>2019-09-20T03:15:46</date>
  <millis>1568974546242</millis>
  <sequence>202</sequence>
  <level>START</level>
  <class>com.kms.katalon.core.logging.XmlKeywordLogger</class>
  <method>startKeyword</method>
  <thread>1</thread>
  <message>Start action : verifyResponseStatusCode(response, 200)</message>
  <nestedLevel>1</nestedLevel>
  <property name="startLine">39</property>
  <property name="stepIndex">12</property>
</record>
<record>
  <date>2019-09-20T03:15:46</date>
  <millis>1568974546244</millis>
  <sequence>204</sequence>
  <level>PASSED</level>
  <class>com.kms.katalon.core.logging.XmlKeywordLogger</class>
  <method>logMessage</method>
  <thread>1</thread>
  <message>Verify response status code successfully</message>
  <nestedLevel>1</nestedLevel>
</record>
<record>
  <date>2019-09-20T03:15:46</date>
  <millis>1568974546245</millis>
  <sequence>205</sequence>
  <level>END</level>
  <class>com.kms.katalon.core.logging.XmlKeywordLogger</class>
  <method>endKeyword</method>
  <thread>1</thread>
  <message>End action : verifyResponseStatusCode(response, 200)</message>
  <nestedLevel>1</nestedLevel>
</record>
<record>
  <date>2019-09-20T03:15:46</date>
  <millis>1568974546246</millis>
  <sequence>206</sequence>
  <level>START</level>
  <class>com.kms.katalon.core.logging.XmlKeywordLogger</class>
  <method>startKeyword</method>
  <thread>1</thread>
  <message>Start action : println(response.getResponseBodyContent())</message>
  <nestedLevel>1</nestedLevel>
  <property name="startLine">41</property>
  <property name="stepIndex">13</property>
</record>
<record>
  <date>2019-09-20T03:15:46</date>
  <millis>1568974546246</millis>
  <sequence>207</sequence>
  <level>END</level>
  <class>com.kms.katalon.core.logging.XmlKeywordLogger</class>
  <method>endKeyword</method>
  <thread>1</thread>
  <message>End action : println(response.getResponseBodyContent())</message>
  <nestedLevel>1</nestedLevel>
</record>
<record>
  <date>2019-09-20T03:15:46</date>
  <millis>1568974546247</millis>
  <sequence>208</sequence>
  <level>START</level>
  <class>com.kms.katalon.core.logging.XmlKeywordLogger</class>
  <method>startKeyword</method>
  <thread>1</thread>
  <message>Start action : slurper = new groovy.json.JsonSlurper()</message>
  <nestedLevel>1</nestedLevel>
  <property name="startLine">43</property>
  <property name="stepIndex">14</property>
</record>
<record>
  <date>2019-09-20T03:15:46</date>
  <millis>1568974546247</millis>
  <sequence>209</sequence>
  <level>END</level>
  <class>com.kms.katalon.core.logging.XmlKeywordLogger</class>
  <method>endKeyword</method>
  <thread>1</thread>
  <message>End action : slurper = new groovy.json.JsonSlurper()</message>
  <nestedLevel>1</nestedLevel>
</record>
<record>
  <date>2019-09-20T03:15:46</date>
  <millis>1568974546248</millis>
  <sequence>210</sequence>
  <level>START</level>
  <class>com.kms.katalon.core.logging.XmlKeywordLogger</class>
  <method>startKeyword</method>
  <thread>1</thread>
  <message>Start action : parsedJson = slurper.parseText(responseText)</message>
  <nestedLevel>1</nestedLevel>
  <property name="startLine">44</property>
  <property name="stepIndex">15</property>
</record>
<record>
  <date>2019-09-20T03:15:46</date>
  <millis>1568974546248</millis>
  <sequence>211</sequence>
  <level>END</level>
  <class>com.kms.katalon.core.logging.XmlKeywordLogger</class>
  <method>endKeyword</method>
  <thread>1</thread>
  <message>End action : parsedJson = slurper.parseText(responseText)</message>
  <nestedLevel>1</nestedLevel>
</record>
<record>
  <date>2019-09-20T03:15:46</date>
  <millis>1568974546248</millis>
  <sequence>212</sequence>
  <level>START</level>
  <class>com.kms.katalon.core.logging.XmlKeywordLogger</class>
  <method>startKeyword</method>
  <thread>1</thread>
  <message>Start action : idValue = id</message>
  <nestedLevel>1</nestedLevel>
  <property name="startLine">46</property>
  <property name="stepIndex">16</property>
</record>
<record>
  <date>2019-09-20T03:15:46</date>
  <millis>1568974546248</millis>
  <sequence>213</sequence>
  <level>END</level>
  <class>com.kms.katalon.core.logging.XmlKeywordLogger</class>
  <method>endKeyword</method>
  <thread>1</thread>
  <message>End action : idValue = id</message>
  <nestedLevel>1</nestedLevel>
</record>
<record>
  <date>2019-09-20T03:15:46</date>
  <millis>1568974546249</millis>
  <sequence>214</sequence>
  <level>START</level>
  <class>com.kms.katalon.core.logging.XmlKeywordLogger</class>
  <method>startKeyword</method>
  <thread>1</thread>
  <message>Start action : id = parsedJson.get(\&amp;quot;id\&amp;quot;)</message>
  <nestedLevel>1</nestedLevel>
  <property name="startLine">47</property>
  <property name="stepIndex">17</property>
</record>
<record>
  <date>2019-09-20T03:15:46</date>
  <millis>1568974546250</millis>
  <sequence>215</sequence>
  <level>END</level>
  <class>com.kms.katalon.core.logging.XmlKeywordLogger</class>
  <method>endKeyword</method>
  <thread>1</thread>
  <message>End action : id = parsedJson.get(\&amp;quot;id\&amp;quot;)</message>
  <nestedLevel>1</nestedLevel>
</record>
<record>
  <date>2019-09-20T03:15:46</date>
  <millis>1568974546252</millis>
  <sequence>216</sequence>
  <level>START</level>
  <class>com.kms.katalon.core.logging.XmlKeywordLogger</class>
  <method>startKeyword</method>
  <thread>1</thread>
  <message>Start action : println(id)</message>
  <nestedLevel>1</nestedLevel>
  <property name="startLine">49</property>
  <property name="stepIndex">18</property>
</record>
<record>
  <date>2019-09-20T03:15:46</date>
  <millis>1568974546254</millis>
  <sequence>217</sequence>
  <level>END</level>
  <class>com.kms.katalon.core.logging.XmlKeywordLogger</class>
  <method>endKeyword</method>
  <thread>1</thread>
  <message>End action : println(id)</message>
  <nestedLevel>1</nestedLevel>
</record>
<record>
  <date>2019-09-20T03:15:46</date>
  <millis>1568974546254</millis>
  <sequence>218</sequence>
  <level>START</level>
  <class>com.kms.katalon.core.logging.XmlKeywordLogger</class>
  <method>startKeyword</method>
  <thread>1</thread>
  <message>Start action : EmpId = id</message>
  <nestedLevel>1</nestedLevel>
  <property name="startLine">50</property>
  <property name="stepIndex">19</property>
</record>
<record>
  <date>2019-09-20T03:15:46</date>
  <millis>1568974546256</millis>
  <sequence>219</sequence>
  <level>END</level>
  <class>com.kms.katalon.core.logging.XmlKeywordLogger</class>
  <method>endKeyword</method>
  <thread>1</thread>
  <message>End action : EmpId = id</message>
  <nestedLevel>1</nestedLevel>
</record>
<record>
  <date>2019-09-20T03:15:46</date>
  <millis>1568974546256</millis>
  <sequence>220</sequence>
  <level>START</level>
  <class>com.kms.katalon.core.logging.XmlKeywordLogger</class>
  <method>startKeyword</method>
  <thread>1</thread>
  <message>Start action : println(EmpId)</message>
  <nestedLevel>1</nestedLevel>
  <property name="startLine">52</property>
  <property name="stepIndex">20</property>
</record>
<record>
  <date>2019-09-20T03:15:46</date>
  <millis>1568974546257</millis>
  <sequence>221</sequence>
  <level>END</level>
  <class>com.kms.katalon.core.logging.XmlKeywordLogger</class>
  <method>endKeyword</method>
  <thread>1</thread>
  <message>End action : println(EmpId)</message>
  <nestedLevel>1</nestedLevel>
</record>
<record>
  <date>2019-09-20T03:15:46</date>
  <millis>1568974546257</millis>
  <sequence>222</sequence>
  <level>START</level>
  <class>com.kms.katalon.core.logging.XmlKeywordLogger</class>
  <method>startKeyword</method>
  <thread>1</thread>
  <message>Start action : response = sendRequest(findTestObject(\&amp;quot;DummyEmployee/Obj_GetEmp\&amp;quot;))</message>
  <nestedLevel>1</nestedLevel>
  <property name="startLine">54</property>
  <property name="stepIndex">21</property>
</record>
<record>
  <date>2019-09-20T03:15:47</date>
  <millis>1568974547121</millis>
  <sequence>225</sequence>
  <level>INFO</level>
  <class>com.kms.katalon.core.logging.XmlKeywordLogger</class>
  <method>logMessage</method>
  <thread>1</thread>
  <message>HAR: C:\\Users\\admin\\Katalon Studio\\APITest\\Reports\\20190920_031534\\CreateEmpParameterized\\20190920_031534\\requests\\main\\5.har</message>
  <nestedLevel>1</nestedLevel>
  <property name="harId">c8036706-621d-46a8-8f6b-8c80caee05e8</property>
</record>
<record>
  <date>2019-09-20T03:15:47</date>
  <millis>1568974547127</millis>
  <sequence>226</sequence>
  <level>PASSED</level>
  <class>com.kms.katalon.core.logging.XmlKeywordLogger</class>
  <method>logMessage</method>
  <thread>1</thread>
  <message>Send request successfully</message>
  <nestedLevel>1</nestedLevel>
</record>
<record>
  <date>2019-09-20T03:15:47</date>
  <millis>1568974547132</millis>
  <sequence>227</sequence>
  <level>END</level>
  <class>com.kms.katalon.core.logging.XmlKeywordLogger</class>
  <method>endKeyword</method>
  <thread>1</thread>
  <message>End action : response = sendRequest(findTestObject(\&amp;quot;DummyEmployee/Obj_GetEmp\&amp;quot;))</message>
  <nestedLevel>1</nestedLevel>
</record>
<record>
  <date>2019-09-20T03:15:47</date>
  <millis>1568974547133</millis>
  <sequence>228</sequence>
  <level>START</level>
  <class>com.kms.katalon.core.logging.XmlKeywordLogger</class>
  <method>startKeyword</method>
  <thread>1</thread>
  <message>Start action : println(response.getResponseBodyContent())</message>
  <nestedLevel>1</nestedLevel>
  <property name="startLine">56</property>
  <property name="stepIndex">22</property>
</record>
<record>
  <date>2019-09-20T03:15:47</date>
  <millis>1568974547137</millis>
  <sequence>229</sequence>
  <level>END</level>
  <class>com.kms.katalon.core.logging.XmlKeywordLogger</class>
  <method>endKeyword</method>
  <thread>1</thread>
  <message>End action : println(response.getResponseBodyContent())</message>
  <nestedLevel>1</nestedLevel>
</record>
<record>
  <date>2019-09-20T03:15:47</date>
  <millis>1568974547138</millis>
  <sequence>230</sequence>
  <level>START</level>
  <class>com.kms.katalon.core.logging.XmlKeywordLogger</class>
  <method>startKeyword</method>
  <thread>1</thread>
  <message>Start action : verifyResponseStatusCode(response, 200)</message>
  <nestedLevel>1</nestedLevel>
  <property name="startLine">58</property>
  <property name="stepIndex">23</property>
</record>
<record>
  <date>2019-09-20T03:15:47</date>
  <millis>1568974547142</millis>
  <sequence>232</sequence>
  <level>PASSED</level>
  <class>com.kms.katalon.core.logging.XmlKeywordLogger</class>
  <method>logMessage</method>
  <thread>1</thread>
  <message>Verify response status code successfully</message>
  <nestedLevel>1</nestedLevel>
</record>
<record>
  <date>2019-09-20T03:15:47</date>
  <millis>1568974547142</millis>
  <sequence>233</sequence>
  <level>END</level>
  <class>com.kms.katalon.core.logging.XmlKeywordLogger</class>
  <method>endKeyword</method>
  <thread>1</thread>
  <message>End action : verifyResponseStatusCode(response, 200)</message>
  <nestedLevel>1</nestedLevel>
</record>
<record>
  <date>2019-09-20T03:15:47</date>
  <millis>1568974547142</millis>
  <sequence>234</sequence>
  <level>PASSED</level>
  <class>com.kms.katalon.core.logging.XmlKeywordLogger</class>
  <method>logMessage</method>
  <thread>1</thread>
  <message>Test Cases/DummyEmp/CreateEmpGetEmp - Parameterized</message>
  <nestedLevel>1</nestedLevel>
</record>
<record>
  <date>2019-09-20T03:15:47</date>
  <millis>1568974547142</millis>
  <sequence>235</sequence>
  <level>END</level>
  <class>com.kms.katalon.core.logging.XmlKeywordLogger</class>
  <method>endTest</method>
  <thread>1</thread>
  <message>End Test Case : Test Cases/DummyEmp/CreateEmpGetEmp - Parameterized</message>
  <nestedLevel>0</nestedLevel>
</record>
<record>
  <date>2019-09-20T03:15:47</date>
  <millis>1568974547146</millis>
  <sequence>236</sequence>
  <level>START</level>
  <class>com.kms.katalon.core.logging.XmlKeywordLogger</class>
  <method>startKeyword</method>
  <thread>1</thread>
  <message>Start listener action : exportKatalonReports</message>
  <nestedLevel>0</nestedLevel>
</record>
<record>
  <date>2019-09-20T03:15:47</date>
  <millis>1568974547467</millis>
  <sequence>658</sequence>
  <level>INFO</level>
  <class>com.kms.katalon.core.logging.XmlKeywordLogger</class>
  <method>logMessage</method>
  <thread>1</thread>
  <message>Start generating HTML report folder at: C:\\Users\\admin\\Katalon Studio\\APITest\\Reports\\20190920_031534\\CreateEmpParameterized\\20190920_031534...</message>
  <nestedLevel>0</nestedLevel>
</record>
<record>
  <date>2019-09-20T03:15:47</date>
  <millis>1568974547522</millis>
  <sequence>659</sequence>
  <level>INFO</level>
  <class>com.kms.katalon.core.logging.XmlKeywordLogger</class>
  <method>logMessage</method>
  <thread>1</thread>
  <message>HTML report generated</message>
  <nestedLevel>0</nestedLevel>
</record>
<record>
  <date>2019-09-20T03:15:47</date>
  <millis>1568974547526</millis>
  <sequence>660</sequence>
  <level>INFO</level>
  <class>com.kms.katalon.core.logging.XmlKeywordLogger</class>
  <method>logMessage</method>
  <thread>1</thread>
  <message>Start generating CSV report folder at: C:\\Users\\admin\\Katalon Studio\\APITest\\Reports\\20190920_031534\\CreateEmpParameterized\\20190920_031534...</message>
  <nestedLevel>0</nestedLevel>
</record>
<record>
  <date>2019-09-20T03:15:47</date>
  <millis>1568974547598</millis>
  <sequence>661</sequence>
  <level>INFO</level>
  <class>com.kms.katalon.core.logging.XmlKeywordLogger</class>
  <method>logMessage</method>
  <thread>1</thread>
  <message>CSV report generated</message>
  <nestedLevel>0</nestedLevel>
</record>
<record>
  <date>2019-09-20T03:15:47</date>
  <millis>1568974547602</millis>
  <sequence>662</sequence>
  <level>INFO</level>
  <class>com.kms.katalon.core.logging.XmlKeywordLogger</class>
  <method>logMessage</method>
  <thread>1</thread>
  <message>Start generating JUnit report folder at: C:\\Users\\admin\\Katalon Studio\\APITest\\Reports\\20190920_031534\\CreateEmpParameterized\\20190920_031534...</message>
  <nestedLevel>0</nestedLevel>
</record>
<record>
  <date>2019-09-20T03:15:47</date>
  <millis>1568974547809</millis>
  <sequence>663</sequence>
  <level>INFO</level>
  <class>com.kms.katalon.core.logging.XmlKeywordLogger</class>
  <method>logMessage</method>
  <thread>1</thread>
  <message>JUnit report generated</message>
  <nestedLevel>0</nestedLevel>
</record>
<record>
  <date>2019-09-20T03:15:47</date>
  <millis>1568974547809</millis>
  <sequence>665</sequence>
  <level>END</level>
  <class>com.kms.katalon.core.logging.XmlKeywordLogger</class>
  <method>endKeyword</method>
  <thread>1</thread>
  <message>End listener action : exportKatalonReports</message>
  <nestedLevel>0</nestedLevel>
</record>
<record>
  <date>2019-09-20T03:15:47</date>
  <millis>1568974547888</millis>
  <sequence>666</sequence>
  <level>END</level>
  <class>com.kms.katalon.core.logging.XmlKeywordLogger</class>
  <method>endSuite</method>
  <thread>1</thread>
  <message>End Test Suite : Test Suites/CreateEmpParameterized</message>
  <nestedLevel>0</nestedLevel>
</record>
</log>